Using pre-set license
Built from '2020.3/staging' branch; Version is '2020.3.26f1 (7298b473bc1a) revision 7510196'; Using compiler version '192528614'; Build Type 'Release'
OS: 'Windows 10  (10.0.19044) 64bit Professional' Language: 'en' Physical Memory: 16299 MB
BatchMode: 1, IsHumanControllingUs: 0, StartBugReporterOnCrash: 0, Is64bit: 1, IsPro: 0

COMMAND LINE ARGUMENTS:
C:\Program Files\Unity\Hub\Editor\2020.3.26f1\Editor\Unity.exe
-adb2
-batchMode
-noUpm
-name
AssetImportWorker0
-projectPath
C:/Users/gerar/Documents/unity-projects/ulsa-advance-concepts-2D
-logFile
Logs/AssetImportWorker0.log
-srvPort
58898
Successfully changed project path to: C:/Users/gerar/Documents/unity-projects/ulsa-advance-concepts-2D
C:/Users/gerar/Documents/unity-projects/ulsa-advance-concepts-2D
Using Asset Import Pipeline V2.
Refreshing native plugins compatible for Editor in 72.55 ms, found 3 plugins.
Preloading 0 native plugins for Editor in 0.00 ms.
Initialize engine version: 2020.3.26f1 (7298b473bc1a)
[Subsystems] Discovering subsystems at path C:/Program Files/Unity/Hub/Editor/2020.3.26f1/Editor/Data/Resources/UnitySubsystems
[Subsystems] Discovering subsystems at path C:/Users/gerar/Documents/unity-projects/ulsa-advance-concepts-2D/Assets
GfxDevice: creating device client; threaded=0
Direct3D:
    Version:  Direct3D 11.0 [level 11.1]
    Renderer: NVIDIA GeForce RTX 2060 (ID=0x1f08)
    Vendor:   
    VRAM:     5980 MB
    Driver:   30.0.15.1109
Initialize mono
Mono path[0] = 'C:/Program Files/Unity/Hub/Editor/2020.3.26f1/Editor/Data/Managed'
Mono path[1] = 'C:/Program Files/Unity/Hub/Editor/2020.3.26f1/Editor/Data/MonoBleedingEdge/lib/mono/unityjit'
Mono config path = 'C:/Program Files/Unity/Hub/Editor/2020.3.26f1/Editor/Data/MonoBleedingEdge/etc'
Using monoOptions --debugger-agent=transport=dt_socket,embedding=1,server=y,suspend=n,address=127.0.0.1:56624
Begin MonoManager ReloadAssembly
Registering precompiled unity dll's ...
Register platform support module: C:/Program Files/Unity/Hub/Editor/2020.3.26f1/Editor/Data/PlaybackEngines/WindowsStandaloneSupport/UnityEditor.WindowsStandalone.Extensions.dll
Registered in 0.002292 seconds.
Native extension for WindowsStandalone target not found
Refreshing native plugins compatible for Editor in 72.22 ms, found 3 plugins.
Preloading 0 native plugins for Editor in 0.00 ms.
Mono: successfully reloaded assembly
- Completed reload, in  0.606 seconds
Domain Reload Profiling:
	ReloadAssembly (606ms)
		BeginReloadAssembly (55ms)
			ExecutionOrderSort (0ms)
			DisableScriptedObjects (0ms)
			BackupInstance (0ms)
			ReleaseScriptingObjects (0ms)
			CreateAndSetChildDomain (1ms)
		EndReloadAssembly (477ms)
			LoadAssemblies (53ms)
			RebuildTransferFunctionScriptingTraits (0ms)
			SetupTypeCache (149ms)
			ReleaseScriptCaches (0ms)
			RebuildScriptCaches (29ms)
			SetupLoadedEditorAssemblies (198ms)
				LogAssemblyErrors (0ms)
				InitializePlatformSupportModulesInManaged (5ms)
				SetLoadedEditorAssemblies (0ms)
				RefreshPlugins (72ms)
				BeforeProcessingInitializeOnLoad (12ms)
				ProcessInitializeOnLoadAttributes (82ms)
				ProcessInitializeOnLoadMethodAttributes (26ms)
				AfterProcessingInitializeOnLoad (0ms)
				EditorAssembliesLoaded (0ms)
			ExecutionOrderSort2 (0ms)
			AwakeInstancesAfterBackupRestoration (0ms)
Platform modules already initialized, skipping
Registering precompiled user dll's ...
Registered in 0.006449 seconds.
Begin MonoManager ReloadAssembly
Native extension for WindowsStandalone target not found
Refreshing native plugins compatible for Editor in 75.36 ms, found 3 plugins.
Preloading 0 native plugins for Editor in 0.00 ms.
Mono: successfully reloaded assembly
- Completed reload, in  1.301 seconds
Domain Reload Profiling:
	ReloadAssembly (1302ms)
		BeginReloadAssembly (139ms)
			ExecutionOrderSort (0ms)
			DisableScriptedObjects (5ms)
			BackupInstance (0ms)
			ReleaseScriptingObjects (0ms)
			CreateAndSetChildDomain (18ms)
		EndReloadAssembly (1102ms)
			LoadAssemblies (98ms)
			RebuildTransferFunctionScriptingTraits (0ms)
			SetupTypeCache (353ms)
			ReleaseScriptCaches (1ms)
			RebuildScriptCaches (67ms)
			SetupLoadedEditorAssemblies (462ms)
				LogAssemblyErrors (0ms)
				InitializePlatformSupportModulesInManaged (4ms)
				SetLoadedEditorAssemblies (0ms)
				RefreshPlugins (75ms)
				BeforeProcessingInitializeOnLoad (104ms)
				ProcessInitializeOnLoadAttributes (255ms)
				ProcessInitializeOnLoadMethodAttributes (16ms)
				AfterProcessingInitializeOnLoad (7ms)
				EditorAssembliesLoaded (0ms)
			ExecutionOrderSort2 (0ms)
			AwakeInstancesAfterBackupRestoration (6ms)
Platform modules already initialized, skipping
========================================================================
Worker process is ready to serve import requests
Launched and connected shader compiler UnityShaderCompiler.exe after 0.07 seconds
Refreshing native plugins compatible for Editor in 0.67 ms, found 3 plugins.
Preloading 0 native plugins for Editor in 0.00 ms.
Unloading 3842 Unused Serialized files (Serialized files now loaded: 0)
System memory in use before: 162.5 MB.
System memory in use after: 162.7 MB.

Unloading 34 unused Assets to reduce memory usage. Loaded Objects now: 4277.
Total: 3.917800 ms (FindLiveObjects: 0.269600 ms CreateObjectMapping: 0.189900 ms MarkObjects: 3.370900 ms  DeleteObjects: 0.086500 ms)

AssetImportParameters requested are different than current active one (requested -> active):
  custom:framework-win-MediaFoundation: 216162199b28c13a410421893ffa2e32 -> 
  custom:video-decoder-ogg-theora: a1e56fd34408186e4bbccfd4996cb3dc -> 
  custom:container-muxer-webm: aa71ff27fc2769a1b78a27578f13a17b -> 
  custom:container-demuxer-webm: 4f35f7cbe854078d1ac9338744f61a02 -> 
  custom:container-demuxer-ogg: 62fdf1f143b41e24485cea50d1cbac27 -> 
  custom:video-encoder-webm-vp8: eb34c28f22e8b96e1ab97ce403110664 -> 
  custom:video-decoder-webm-vp8: 9c59270c3fd7afecdb556c50c9e8de78 -> 
  custom:audio-decoder-ogg-vorbis: bf7c407c2cedff20999df2af8eb42d56 -> 
  custom:audio-encoder-webm-vorbis: bf7c407c2cedff20999df2af8eb42d56 -> 
========================================================================
Received Import Request.
  path: Assets/Settings/SampleSceneProfile.asset
  artifactKey: Guid(10fc4df2da32a41aaa32d77bc913491c) Importer(815301076,1909f56bfc062723c751e8b465ee728b)
Start importing Assets/Settings/SampleSceneProfile.asset using Guid(10fc4df2da32a41aaa32d77bc913491c) Importer(815301076,1909f56bfc062723c751e8b465ee728b)  -> (artifact id: 'd2b3f476ab718b1cf20d183dd9addfe7') in 0.055499 seconds 
  Import took 0.060740 seconds .

========================================================================
Received Import Request.
  Time since last request: 0.000254 seconds.
  path: Assets/Settings
  artifactKey: Guid(0735c275001a2c84dafdb30deced5d8d) Importer(815301076,1909f56bfc062723c751e8b465ee728b)
Start importing Assets/Settings using Guid(0735c275001a2c84dafdb30deced5d8d) Importer(815301076,1909f56bfc062723c751e8b465ee728b)  -> (artifact id: 'cadd7ca10b5bf32e886eec457cf073a7') in 0.008214 seconds 
  Import took 0.013168 seconds .

========================================================================
Received Import Request.
  Time since last request: 0.000233 seconds.
  path: Assets/Settings/UniversalRP-LowQuality.asset
  artifactKey: Guid(a31e9f9f9c9d4b9429ed0d1234e22103) Importer(815301076,1909f56bfc062723c751e8b465ee728b)
Start importing Assets/Settings/UniversalRP-LowQuality.asset using Guid(a31e9f9f9c9d4b9429ed0d1234e22103) Importer(815301076,1909f56bfc062723c751e8b465ee728b)  -> (artifact id: 'b226a0bb157262eadf686f6bb5b5f1f8') in 0.006201 seconds 
  Import took 0.011217 seconds .

========================================================================
Received Import Request.
  Time since last request: 0.000230 seconds.
  path: Assets/Settings/UniversalRP-MediumQuality.asset
  artifactKey: Guid(d847b876476d3d6468f5dfcd34266f96) Importer(815301076,1909f56bfc062723c751e8b465ee728b)
Start importing Assets/Settings/UniversalRP-MediumQuality.asset using Guid(d847b876476d3d6468f5dfcd34266f96) Importer(815301076,1909f56bfc062723c751e8b465ee728b)  -> (artifact id: 'd421f548a6507a11f25ec3578746e9c1') in 0.005877 seconds 
  Import took 0.011001 seconds .

========================================================================
Received Import Request.
  Time since last request: 0.000270 seconds.
  path: Assets/Settings/UniversalRP-HighQuality.asset
  artifactKey: Guid(19ba41d7c0026c3459d37c2fe90c55a0) Importer(815301076,1909f56bfc062723c751e8b465ee728b)
Start importing Assets/Settings/UniversalRP-HighQuality.asset using Guid(19ba41d7c0026c3459d37c2fe90c55a0) Importer(815301076,1909f56bfc062723c751e8b465ee728b)  -> (artifact id: '02e18c1f933b70f494440bf5e7626866') in 0.006046 seconds 
  Import took 0.011646 seconds .

========================================================================
Received Import Request.
  Time since last request: 0.000231 seconds.
  path: Assets/Settings/ForwardRenderer.asset
  artifactKey: Guid(4a8e21d5c33334b11b34a596161b9360) Importer(815301076,1909f56bfc062723c751e8b465ee728b)
Start importing Assets/Settings/ForwardRenderer.asset using Guid(4a8e21d5c33334b11b34a596161b9360) Importer(815301076,1909f56bfc062723c751e8b465ee728b)  -> (artifact id: '63cf95242464b0f1307a08bc2392aaaa') in 0.006744 seconds 
  Import took 0.011725 seconds .

========================================================================
Received Import Request.
  Time since last request: 42.133679 seconds.
  path: Assets/Settings/2DRender.asset
  artifactKey: Guid(b9e80dc944c488548b6e5980b5a710f6) Importer(815301076,1909f56bfc062723c751e8b465ee728b)
Start importing Assets/Settings/2DRender.asset using Guid(b9e80dc944c488548b6e5980b5a710f6) Importer(815301076,1909f56bfc062723c751e8b465ee728b)  -> (artifact id: 'f5b4cba69e8a3c1ebcadfd0b1e316eab') in 0.010523 seconds 
  Import took 0.016878 seconds .

========================================================================
Received Prepare
Refreshing native plugins compatible for Editor in 5.22 ms, found 3 plugins.
Preloading 0 native plugins for Editor in 0.00 ms.
Unloading 20 Unused Serialized files (Serialized files now loaded: 0)
System memory in use before: 81.5 MB.
System memory in use after: 81.8 MB.

Unloading 18 unused Assets to reduce memory usage. Loaded Objects now: 4279.
Total: 5.132800 ms (FindLiveObjects: 0.280100 ms CreateObjectMapping: 0.197200 ms MarkObjects: 4.630100 ms  DeleteObjects: 0.024600 ms)

AssetImportParameters requested are different than current active one (requested -> active):
  custom:framework-win-MediaFoundation: 216162199b28c13a410421893ffa2e32 -> 
  custom:video-decoder-ogg-theora: a1e56fd34408186e4bbccfd4996cb3dc -> 
  custom:container-muxer-webm: aa71ff27fc2769a1b78a27578f13a17b -> 
  custom:container-demuxer-webm: 4f35f7cbe854078d1ac9338744f61a02 -> 
  custom:container-demuxer-ogg: 62fdf1f143b41e24485cea50d1cbac27 -> 
  custom:srp/default-shader: 0000e00a000e0de00000e000e02d0000 -> 0000e00a000e0de00000e000e0000000
  custom:video-encoder-webm-vp8: eb34c28f22e8b96e1ab97ce403110664 -> 
  custom:video-decoder-webm-vp8: 9c59270c3fd7afecdb556c50c9e8de78 -> 
  custom:audio-decoder-ogg-vorbis: bf7c407c2cedff20999df2af8eb42d56 -> 
  custom:audio-encoder-webm-vorbis: bf7c407c2cedff20999df2af8eb42d56 -> 
========================================================================
Received Import Request.
  Time since last request: 617.868978 seconds.
  path: ProjectSettings/TagManager.asset
  artifactKey: Guid(00000000000000003000000000000000) Importer(815301076,1909f56bfc062723c751e8b465ee728b)
Start importing ProjectSettings/TagManager.asset using Guid(00000000000000003000000000000000) Importer(815301076,1909f56bfc062723c751e8b465ee728b)  -> (artifact id: 'fc42e30003074059bef8fb59cba1b257') in 0.013767 seconds 
  Import took 0.021014 seconds .

========================================================================
Received Import Request.
  Time since last request: 1990.407918 seconds.
  path: Assets
  artifactKey: Guid(00000000000000001000000000000000) Importer(815301076,1909f56bfc062723c751e8b465ee728b)
Start importing Assets using Guid(00000000000000001000000000000000) Importer(815301076,1909f56bfc062723c751e8b465ee728b)  -> (artifact id: '42d402b061de3733987d63b9cc3b64de') in 0.007544 seconds 
  Import took 0.015109 seconds .

========================================================================
Received Import Request.
  Time since last request: 4.932023 seconds.
  path: Assets/Sprites
  artifactKey: Guid(25f505edf1765e04dbf704a0f2f8814c) Importer(815301076,1909f56bfc062723c751e8b465ee728b)
Start importing Assets/Sprites using Guid(25f505edf1765e04dbf704a0f2f8814c) Importer(815301076,1909f56bfc062723c751e8b465ee728b)  -> (artifact id: '8798dc0c333e4a50ea4949f50e2568f8') in 0.007320 seconds 
  Import took 0.014534 seconds .

========================================================================
Received Import Request.
  Time since last request: 6.070697 seconds.
  path: Assets/Sprites/otroshaft.png
  artifactKey: Guid(d8e30529679bf664ea6b3825e72087f2) Importer(815301076,1909f56bfc062723c751e8b465ee728b)
Start importing Assets/Sprites/otroshaft.png using Guid(d8e30529679bf664ea6b3825e72087f2) Importer(815301076,1909f56bfc062723c751e8b465ee728b)  -> (artifact id: '79709cad624f36c9b88b67defbc61ffa') in 0.075354 seconds 
  Import took 0.081071 seconds .

========================================================================
Received Import Request.
  Time since last request: 16.137644 seconds.
  path: Assets/Sprites/otroshaft.png
  artifactKey: Guid(d8e30529679bf664ea6b3825e72087f2) Importer(815301076,1909f56bfc062723c751e8b465ee728b)
Start importing Assets/Sprites/otroshaft.png using Guid(d8e30529679bf664ea6b3825e72087f2) Importer(815301076,1909f56bfc062723c751e8b465ee728b)  -> (artifact id: '1f7b4e2ff1cf040697067e3333812bc0') in 0.065934 seconds 
  Import took 0.072517 seconds .

========================================================================
Received Import Request.
  Time since last request: 449.653544 seconds.
  path: Assets/Settings/2dProfile.asset
  artifactKey: Guid(477047b1b7698f44abe914fe580ccbe0) Importer(815301076,1909f56bfc062723c751e8b465ee728b)
Start importing Assets/Settings/2dProfile.asset using Guid(477047b1b7698f44abe914fe580ccbe0) Importer(815301076,1909f56bfc062723c751e8b465ee728b)  -> (artifact id: 'cb575014aed0f8d8df4cdc14d22fcd35') in 0.007750 seconds 
  Import took 0.014841 seconds .

========================================================================
Received Import Request.
  Time since last request: 0.000413 seconds.
  path: Assets/Settings/UniversalRP-LowQuality.asset
  artifactKey: Guid(a31e9f9f9c9d4b9429ed0d1234e22103) Importer(815301076,1909f56bfc062723c751e8b465ee728b)
Start importing Assets/Settings/UniversalRP-LowQuality.asset using Guid(a31e9f9f9c9d4b9429ed0d1234e22103) Importer(815301076,1909f56bfc062723c751e8b465ee728b)  -> (artifact id: 'a582d8ebb69038deaf080465e683cf12') in 0.006691 seconds 
  Import took 0.012720 seconds .

========================================================================
Received Import Request.
  Time since last request: 0.000238 seconds.
  path: Assets/Settings/UniversalRP-MediumQuality.asset
  artifactKey: Guid(d847b876476d3d6468f5dfcd34266f96) Importer(815301076,1909f56bfc062723c751e8b465ee728b)
Start importing Assets/Settings/UniversalRP-MediumQuality.asset using Guid(d847b876476d3d6468f5dfcd34266f96) Importer(815301076,1909f56bfc062723c751e8b465ee728b)  -> (artifact id: '8d408d5ff31ee0ae30bffb2213968eb6') in 0.004456 seconds 
  Import took 0.011272 seconds .

========================================================================
Received Import Request.
  Time since last request: 0.000251 seconds.
  path: Assets/Settings/UniversalRP-HighQuality.asset
  artifactKey: Guid(19ba41d7c0026c3459d37c2fe90c55a0) Importer(815301076,1909f56bfc062723c751e8b465ee728b)
Start importing Assets/Settings/UniversalRP-HighQuality.asset using Guid(19ba41d7c0026c3459d37c2fe90c55a0) Importer(815301076,1909f56bfc062723c751e8b465ee728b)  -> (artifact id: 'd9d8dc37acf8b6cf77a0b19362baebc9') in 0.004064 seconds 
  Import took 0.010534 seconds .

========================================================================
Received Import Request.
  Time since last request: 0.000181 seconds.
  path: Assets/Settings/2DRender.asset
  artifactKey: Guid(b9e80dc944c488548b6e5980b5a710f6) Importer(815301076,1909f56bfc062723c751e8b465ee728b)
Start importing Assets/Settings/2DRender.asset using Guid(b9e80dc944c488548b6e5980b5a710f6) Importer(815301076,1909f56bfc062723c751e8b465ee728b)  -> (artifact id: '5ac1d6058088c9cb9b1de29a72488fff') in 0.004285 seconds 
  Import took 0.010154 seconds .

========================================================================
Received Import Request.
  Time since last request: 25.145638 seconds.
  path: Assets/Settings/2dProfile.asset
  artifactKey: Guid(477047b1b7698f44abe914fe580ccbe0) Importer(815301076,1909f56bfc062723c751e8b465ee728b)
Start importing Assets/Settings/2dProfile.asset using Guid(477047b1b7698f44abe914fe580ccbe0) Importer(815301076,1909f56bfc062723c751e8b465ee728b)  -> (artifact id: 'fbe22ab9e1dc42e814c34fac6ee6a4d6') in 0.004428 seconds 
  Import took 0.009993 seconds .

========================================================================
Received Import Request.
  Time since last request: 1226.115380 seconds.
  path: Assets/Settings/2dProfile.asset
  artifactKey: Guid(477047b1b7698f44abe914fe580ccbe0) Importer(815301076,1909f56bfc062723c751e8b465ee728b)
Start importing Assets/Settings/2dProfile.asset using Guid(477047b1b7698f44abe914fe580ccbe0) Importer(815301076,1909f56bfc062723c751e8b465ee728b)  -> (artifact id: '355d6128018e6c660504a52bd256ea6d') in 0.003179 seconds 
  Import took 0.011320 seconds .

========================================================================
Received Import Request.
  Time since last request: 15.885716 seconds.
  path: Assets/Settings/2dProfile.asset
  artifactKey: Guid(477047b1b7698f44abe914fe580ccbe0) Importer(815301076,1909f56bfc062723c751e8b465ee728b)
Start importing Assets/Settings/2dProfile.asset using Guid(477047b1b7698f44abe914fe580ccbe0) Importer(815301076,1909f56bfc062723c751e8b465ee728b)  -> (artifact id: 'f5d21edf59ba11c399c94eacad45674f') in 0.003987 seconds 
  Import took 0.009785 seconds .

========================================================================
Received Import Request.
  Time since last request: 19.579761 seconds.
  path: Assets/Settings/2dProfile.asset
  artifactKey: Guid(477047b1b7698f44abe914fe580ccbe0) Importer(815301076,1909f56bfc062723c751e8b465ee728b)
Start importing Assets/Settings/2dProfile.asset using Guid(477047b1b7698f44abe914fe580ccbe0) Importer(815301076,1909f56bfc062723c751e8b465ee728b)  -> (artifact id: 'a1361fe5f2eb2e5f10a4c2570401b530') in 0.003201 seconds 
  Import took 0.009803 seconds .

========================================================================
Received Import Request.
  Time since last request: 29.739885 seconds.
  path: Assets/Settings/2dProfile.asset
  artifactKey: Guid(477047b1b7698f44abe914fe580ccbe0) Importer(815301076,1909f56bfc062723c751e8b465ee728b)
Start importing Assets/Settings/2dProfile.asset using Guid(477047b1b7698f44abe914fe580ccbe0) Importer(815301076,1909f56bfc062723c751e8b465ee728b)  -> (artifact id: '46f50cca12e247fbcfe1475848757239') in 0.007206 seconds 
  Import took 0.014423 seconds .

========================================================================
Received Import Request.
  Time since last request: 49.098553 seconds.
  path: Assets/Settings/2dProfile.asset
  artifactKey: Guid(477047b1b7698f44abe914fe580ccbe0) Importer(815301076,1909f56bfc062723c751e8b465ee728b)
Start importing Assets/Settings/2dProfile.asset using Guid(477047b1b7698f44abe914fe580ccbe0) Importer(815301076,1909f56bfc062723c751e8b465ee728b)  -> (artifact id: 'd510d01fdc817e2002a6ca73550429bc') in 0.003811 seconds 
  Import took 0.009714 seconds .

========================================================================
Received Import Request.
  Time since last request: 281.386075 seconds.
  path: Assets/Settings/2dProfile.asset
  artifactKey: Guid(477047b1b7698f44abe914fe580ccbe0) Importer(815301076,1909f56bfc062723c751e8b465ee728b)
Start importing Assets/Settings/2dProfile.asset using Guid(477047b1b7698f44abe914fe580ccbe0) Importer(815301076,1909f56bfc062723c751e8b465ee728b)  -> (artifact id: '98e3544f20fa5c55b1a8ecaae271e980') in 0.005784 seconds 
  Import took 0.012608 seconds .

========================================================================
Received Import Request.
  Time since last request: 28.544029 seconds.
  path: Assets/Settings/2dProfile.asset
  artifactKey: Guid(477047b1b7698f44abe914fe580ccbe0) Importer(815301076,1909f56bfc062723c751e8b465ee728b)
Start importing Assets/Settings/2dProfile.asset using Guid(477047b1b7698f44abe914fe580ccbe0) Importer(815301076,1909f56bfc062723c751e8b465ee728b)  -> (artifact id: '26858614ef8255ee07e2f5f04a898229') in 0.004274 seconds 
  Import took 0.010215 seconds .

========================================================================
Received Import Request.
  Time since last request: 149.253029 seconds.
  path: Assets/Settings/2dProfile.asset
  artifactKey: Guid(477047b1b7698f44abe914fe580ccbe0) Importer(815301076,1909f56bfc062723c751e8b465ee728b)
Start importing Assets/Settings/2dProfile.asset using Guid(477047b1b7698f44abe914fe580ccbe0) Importer(815301076,1909f56bfc062723c751e8b465ee728b)  -> (artifact id: '7ebe41cf62866149844778f8ca66a92a') in 0.004621 seconds 
  Import took 0.010464 seconds .

========================================================================
Received Import Request.
  Time since last request: 39.124910 seconds.
  path: Assets/Settings/2dProfile.asset
  artifactKey: Guid(477047b1b7698f44abe914fe580ccbe0) Importer(815301076,1909f56bfc062723c751e8b465ee728b)
Start importing Assets/Settings/2dProfile.asset using Guid(477047b1b7698f44abe914fe580ccbe0) Importer(815301076,1909f56bfc062723c751e8b465ee728b)  -> (artifact id: '9e7513421dd89d089db8a2af0ea67514') in 0.002903 seconds 
  Import took 0.011208 seconds .

AssetImportWorkerClient::OnTransportError - code=2 error=End of file
